0 info it worked if it ends with ok
1 verbose cli [ 'node', '/usr/local/bin/npm', 'install' ]
2 info using npm@1.1.43
3 info using node@v0.8.3
4 verbose config file /Users/psteeleidem/.npmrc
5 verbose config file /usr/local/etc/npmrc
6 verbose config file /usr/local/lib/node_modules/npm/npmrc
7 verbose read json /Users/psteeleidem/development/github/Raptor/RaptorJSOpenSource/package.json
8 warn package.json raptor@1.3.0-SNAPSHOT No README.md file found!
9 verbose readDependencies using package.json deps
10 verbose install where, deps [ '/Users/psteeleidem/development/github/Raptor/RaptorJSOpenSource',
10 verbose install   [ 'uglify-js',
10 verbose install     'sax',
10 verbose install     'hot-reloader',
10 verbose install     'less',
10 verbose install     'xmldom',
10 verbose install     'jasmine-node',
10 verbose install     'jsdom',
10 verbose install     'xmlhttprequest',
10 verbose install     'jshint',
10 verbose install     'CodeMirror' ] ]
11 verbose from cache /Users/psteeleidem/development/github/Raptor/RaptorJSOpenSource/package.json
12 info preinstall raptor@1.3.0-SNAPSHOT
13 verbose read json /Users/psteeleidem/development/github/Raptor/RaptorJSOpenSource/node_modules/express-raptor/package.json
14 verbose read json /Users/psteeleidem/development/github/Raptor/RaptorJSOpenSource/node_modules/hot-reloader/package.json
15 verbose read json /Users/psteeleidem/development/github/Raptor/RaptorJSOpenSource/node_modules/jasmine-node/package.json
16 verbose read json /Users/psteeleidem/development/github/Raptor/RaptorJSOpenSource/node_modules/jsdom/package.json
17 verbose read json /Users/psteeleidem/development/github/Raptor/RaptorJSOpenSource/node_modules/jshint/package.json
18 verbose read json /Users/psteeleidem/development/github/Raptor/RaptorJSOpenSource/node_modules/less/package.json
19 verbose read json /Users/psteeleidem/development/github/Raptor/RaptorJSOpenSource/node_modules/raptor/package.json
20 verbose read json /Users/psteeleidem/development/github/Raptor/RaptorJSOpenSource/node_modules/sax/package.json
21 verbose read json /Users/psteeleidem/development/github/Raptor/RaptorJSOpenSource/node_modules/uglify-js/package.json
22 verbose read json /Users/psteeleidem/development/github/Raptor/RaptorJSOpenSource/node_modules/xmldom/package.json
23 verbose read json /Users/psteeleidem/development/github/Raptor/RaptorJSOpenSource/node_modules/xmlhttprequest/package.json
24 warn package.json express-raptor@1.0.0 No README.md file found!
25 warn package.json hot-reloader@1.0.0 No README.md file found!
26 verbose from cache /Users/psteeleidem/development/github/Raptor/RaptorJSOpenSource/package.json
27 verbose readDependencies using package.json deps
28 verbose read json /Users/psteeleidem/development/github/Raptor/RaptorJSOpenSource/node_modules/.bin/package.json
29 verbose from cache /Users/psteeleidem/development/github/Raptor/RaptorJSOpenSource/node_modules/express-raptor/package.json
30 verbose from cache /Users/psteeleidem/development/github/Raptor/RaptorJSOpenSource/node_modules/hot-reloader/package.json
31 verbose from cache /Users/psteeleidem/development/github/Raptor/RaptorJSOpenSource/node_modules/jasmine-node/package.json
32 verbose from cache /Users/psteeleidem/development/github/Raptor/RaptorJSOpenSource/node_modules/jsdom/package.json
33 verbose from cache /Users/psteeleidem/development/github/Raptor/RaptorJSOpenSource/node_modules/jshint/package.json
34 verbose from cache /Users/psteeleidem/development/github/Raptor/RaptorJSOpenSource/node_modules/less/package.json
35 verbose from cache /Users/psteeleidem/development/github/Raptor/RaptorJSOpenSource/node_modules/raptor/package.json
36 verbose from cache /Users/psteeleidem/development/github/Raptor/RaptorJSOpenSource/node_modules/sax/package.json
37 verbose from cache /Users/psteeleidem/development/github/Raptor/RaptorJSOpenSource/node_modules/uglify-js/package.json
38 verbose from cache /Users/psteeleidem/development/github/Raptor/RaptorJSOpenSource/node_modules/xmldom/package.json
39 verbose from cache /Users/psteeleidem/development/github/Raptor/RaptorJSOpenSource/node_modules/xmlhttprequest/package.json
40 verbose already installed skipping xmldom@>= 0.1 /Users/psteeleidem/development/github/Raptor/RaptorJSOpenSource
41 verbose already installed skipping jasmine-node@>= 0.1.0 /Users/psteeleidem/development/github/Raptor/RaptorJSOpenSource
42 verbose already installed skipping jsdom@>= 0.2.14 /Users/psteeleidem/development/github/Raptor/RaptorJSOpenSource
43 verbose already installed skipping xmlhttprequest@>= 0.3.0 /Users/psteeleidem/development/github/Raptor/RaptorJSOpenSource
44 verbose already installed skipping jshint@>= 0.7.0 /Users/psteeleidem/development/github/Raptor/RaptorJSOpenSource
45 verbose cache add [ 'CodeMirror@>= 2.32.0', null ]
46 silly cache add name=undefined spec="CodeMirror@>= 2.32.0" args=["CodeMirror@>= 2.32.0",null]
47 verbose parsed url { pathname: 'CodeMirror@%3E=%202.32.0',
47 verbose parsed url   path: 'CodeMirror@%3E=%202.32.0',
47 verbose parsed url   href: 'CodeMirror@%3E=%202.32.0' }
48 silly cache add name="CodeMirror" spec=">= 2.32.0" args=["CodeMirror",">= 2.32.0"]
49 verbose parsed url { pathname: '%3E=%202.32.0',
49 verbose parsed url   path: '%3E=%202.32.0',
49 verbose parsed url   href: '%3E=%202.32.0' }
50 verbose addNamed [ 'CodeMirror', '>= 2.32.0' ]
51 verbose addNamed [ null, '>=2.32.0' ]
52 silly lockFile bbfc8c09-CodeMirror-2-32-0 CodeMirror@>= 2.32.0
53 verbose lock CodeMirror@>= 2.32.0 /Users/psteeleidem/.npm/bbfc8c09-CodeMirror-2-32-0.lock
54 silly addNameRange { name: 'CodeMirror', range: '>=2.32.0', hasData: false }
55 verbose url raw CodeMirror
56 verbose url resolving [ 'https://registry.npmjs.org/', './CodeMirror' ]
57 verbose url resolved https://registry.npmjs.org/CodeMirror
58 info retry registry request attempt 1 at 10:56:37
59 http GET https://registry.npmjs.org/CodeMirror
60 verbose already installed skipping uglify-js@>= 1.2.6 /Users/psteeleidem/development/github/Raptor/RaptorJSOpenSource
61 verbose already installed skipping sax@>= 0.3.5 /Users/psteeleidem/development/github/Raptor/RaptorJSOpenSource
62 verbose already installed skipping hot-reloader@>= 1.0.0 /Users/psteeleidem/development/github/Raptor/RaptorJSOpenSource
63 verbose already installed skipping less@>= 1.3.0 /Users/psteeleidem/development/github/Raptor/RaptorJSOpenSource
64 http 404 https://registry.npmjs.org/CodeMirror
65 silly registry.get cb [ 404,
65 silly registry.get   { server: 'CouchDB/1.2.0 (Erlang OTP/R15B)',
65 silly registry.get     date: 'Thu, 02 Aug 2012 16:56:38 GMT',
65 silly registry.get     'content-type': 'application/json',
65 silly registry.get     'content-length': '52',
65 silly registry.get     'cache-control': 'must-revalidate' } ]
66 silly lockFile bbfc8c09-CodeMirror-2-32-0 CodeMirror@>= 2.32.0
67 error 404 'CodeMirror' is not in the npm registry.
67 error 404 You should bug the author to publish it
67 error 404
67 error 404 Note that you can also install from a
67 error 404 tarball, folder, or http url, or git url.
68 error System Darwin 10.8.0
69 error command "node" "/usr/local/bin/npm" "install"
70 error cwd /Users/psteeleidem/development/github/Raptor/RaptorJSOpenSource
71 error node -v v0.8.3
72 error npm -v 1.1.43
73 error code E404
74 error stack Error: 404 Not Found: CodeMirror
74 error stack     at RegClient.<anonymous> (/usr/local/lib/node_modules/npm/node_modules/npm-registry-client/lib/request.js:242:14)
74 error stack     at Request.init.self.callback (/usr/local/lib/node_modules/npm/node_modules/request/main.js:120:22)
74 error stack     at Request.EventEmitter.emit (events.js:91:17)
74 error stack     at Request.<anonymous> (/usr/local/lib/node_modules/npm/node_modules/request/main.js:555:16)
74 error stack     at Request.EventEmitter.emit (events.js:88:17)
74 error stack     at IncomingMessage.Request.start.self.req.self.httpModule.request.buffer (/usr/local/lib/node_modules/npm/node_modules/request/main.js:517:14)
74 error stack     at IncomingMessage.EventEmitter.emit (events.js:115:20)
74 error stack     at IncomingMessage._emitEnd (http.js:366:10)
74 error stack     at HTTPParser.parserOnMessageComplete [as onMessageComplete] (http.js:149:23)
74 error stack     at CleartextStream.socketOnData (http.js:1356:20)
75 verbose exit [ 1, true ]
